2016/05/18 23:01:05 にビルドを開始しました。
     1>ノード 2 上のプロジェクト "c:\Users\Yosuke\documents\visual studio 2013\Projects\imshowArrange\imshowArrange\imshowArrange.vcxproj" (Build ターゲット)。
     1>ClCompile:
         C:\Program Files (x86)\Microsoft Visual Studio 12.0\VC\bin\CL.exe /c /ZI /nologo /W3 /WX- /sdl /Od /Oy- /D WIN32 /D _DEBUG /D _CONSOLE /D _LIB /D _UNICODE /D UNICODE /Gm /EHsc /RTC1 /MDd /GS /fp:precise /Zc:wchar_t /Zc:forScope /Yu"stdafx.h" /Fp"Debug\imshowArrange.pch" /Fo"Debug\\" /Fd"Debug\vc120.pdb" /Gd /TP /analyze- /errorReport:prompt imshowArrange.cpp
         imshowArrange.cpp
     1>c:\users\yosuke\documents\visual studio 2013\projects\imshowarrange\imshowarrange\imshowarrange.cpp(8): error C2146: 構文エラー : ';' が、識別子 'monitorSize' の前に必要です。
     1>c:\users\yosuke\documents\visual studio 2013\projects\imshowarrange\imshowarrange\imshowarrange.cpp(8): error C2377: 'cv::Size' : 再定義されています。typedef は他のどのシンボルでもオーバーロードできません
                 d:\library\opencv249\build\include\opencv2\core\core.hpp(896) : 'cv::Size' の宣言を確認してください。
     1>c:\users\yosuke\documents\visual studio 2013\projects\imshowarrange\imshowarrange\imshowarrange.cpp(8): error C3861: 'monitorSize': 識別子が見つかりませんでした
     1>プロジェクト "c:\Users\Yosuke\documents\visual studio 2013\Projects\imshowArrange\imshowArrange\imshowArrange.vcxproj" (Build ターゲット) のビルドが終了しました -- 失敗。

ビルドに失敗しました。

経過時間 00:00:00.11
